2023-08-01 12:34:35,665: INFO: ******************* Test_001_Login *******************
2023-08-01 12:34:35,665: INFO: ******************* Home page verification started ***********************
2023-08-01 12:34:45,788: INFO: ************ Home page title test case passed ************
2023-08-01 12:34:48,268: INFO: ******************* Login verification started ***********************
2023-08-01 12:35:12,261: INFO: ************ Login test case passed ************
2023-08-01 12:35:14,856: INFO: ******************* Logout verification started ***********************
2023-08-01 12:35:31,703: INFO: ************ Logout test case passed ************
2023-08-01 14:22:30,954: INFO: ******************* Test_001_Login *******************
2023-08-01 14:22:30,954: INFO: ******************* Home page verification started ***********************
2023-08-01 14:22:35,966: INFO: ************ Home page title test case passed ************
2023-08-01 14:22:41,728: INFO: ******************* Login verification started ***********************
2023-08-01 14:22:49,078: INFO: ************ Login test case passed ************
2023-08-01 14:22:54,787: INFO: ******************* Logout verification started ***********************
2023-08-01 14:26:50,306: INFO: ******************* Test_001_Login *******************
2023-08-01 14:26:50,306: INFO: ******************* Home page verification started ***********************
2023-08-01 14:27:11,737: INFO: ************ Home page title test case passed ************
2023-08-01 14:27:13,530: INFO: ******************* Login verification started ***********************
2023-08-01 14:27:34,976: INFO: ************ Login test case passed ************
2023-08-01 14:27:36,776: INFO: ******************* Logout verification started ***********************
2023-08-01 14:27:48,440: INFO: ************ Logout test case passed ************
2023-08-01 14:32:32,950: INFO: ******************* Test_001_Login *******************
2023-08-01 14:32:32,950: INFO: ******************* Home page verification started ***********************
2023-08-01 14:34:51,441: INFO: ******************* Test_001_Login *******************
2023-08-01 14:34:51,442: INFO: ******************* Home page verification started ***********************
2023-08-01 14:35:20,597: INFO: ************ Home page title test case passed ************
2023-08-01 14:35:22,308: INFO: ******************* Login verification started ***********************
2023-08-01 14:35:51,174: INFO: ************ Login test case passed ************
2023-08-01 14:35:52,991: INFO: ******************* Logout verification started ***********************
2023-08-01 14:40:30,893: INFO: ******************* Test_001_Login *******************
2023-08-01 14:40:30,895: INFO: ******************* Home page verification started ***********************
2023-08-01 14:40:42,599: INFO: ************ Home page title test case passed ************
2023-08-01 14:40:44,336: INFO: ******************* Login verification started ***********************
2023-08-01 14:41:05,486: INFO: ************ Login test case passed ************
2023-08-01 14:41:07,178: INFO: ******************* Logout verification started ***********************
2023-08-01 14:41:41,420: INFO: ************ Logout test case passed ************
2023-08-01 14:45:27,303: INFO: ******************* Login verification started ***********************
2023-08-01 14:45:27,340: INFO: ******************* Logout verification started ***********************
2023-08-01 14:45:27,573: INFO: ******************* Test_001_Login *******************
2023-08-01 14:45:27,573: INFO: ******************* Home page verification started ***********************
2023-08-01 14:45:37,663: INFO: ************ Home page title test case passed ************
2023-08-01 14:45:43,994: INFO: ************ Logout test case passed ************
2023-08-01 14:45:47,767: INFO: ************ Login test case passed ************
2023-08-04 15:10:24,129: INFO: ****** Test_001_Login_ddt ******
2023-08-04 15:10:24,129: INFO: ******************* Login verification started ***********************
2023-08-04 15:12:18,664: INFO: ****** Test_001_Login_ddt ******
2023-08-04 15:12:18,664: INFO: ******************* Login verification started ***********************
2023-08-04 15:12:53,030: INFO: ********** Passed **********
2023-08-04 15:13:00,653: INFO: ********** Passed **********
2023-08-04 15:32:52,277: INFO: ****** Test_001_Login_ddt ******
2023-08-04 15:32:52,277: INFO: ******************* Login verification started ***********************
2023-08-04 15:33:22,494: INFO: ********** Passed **********
2023-08-04 15:33:29,614: INFO: ********** Passed **********
2023-08-04 15:36:42,401: INFO: ******************* Test_001_Login *******************
2023-08-04 15:36:42,402: INFO: ******************* Home page verification started ***********************
2023-08-04 15:36:56,375: INFO: ************ Home page title test case passed ************
2023-08-04 15:36:58,480: INFO: ******************* Login verification started ***********************
2023-08-04 15:37:19,096: INFO: ************ Login test case passed ************
2023-08-04 15:37:21,087: INFO: ******************* Logout verification started ***********************
2023-08-04 15:37:45,623: INFO: ************ Logout test case passed ************
2023-08-05 15:39:55,576: INFO: ****** Test_001_Login_ddt ******
2023-08-05 15:39:55,576: INFO: ******************* Login verification started ***********************
2023-08-05 15:40:12,342: INFO: ********** Passed **********
2023-08-05 15:40:20,548: INFO: ********** Passed **********
2023-08-06 11:03:43,595: INFO: ******************* Test_003_AddCustomer *******************
2023-08-06 11:03:51,794: INFO: ****************** Login Successful ******************
2023-08-06 11:03:51,794: INFO: ******************* Add Customer test started ***********************
2023-08-06 11:35:39,553: INFO: ******************* Test_003_AddCustomer *******************
2023-08-06 11:35:49,067: INFO: ****************** Login Successful ******************
2023-08-06 11:35:49,067: INFO: ******************* Add Customer test started ***********************
2023-08-06 13:09:12,570: INFO: ******************* Test_003_AddCustomer *******************
2023-08-06 13:09:32,310: INFO: ****************** Login Successful ******************
2023-08-06 13:09:32,318: INFO: ******************* Add Customer test started ***********************
2023-08-06 13:42:36,056: INFO: ******************* Test_003_AddCustomer *******************
2023-08-06 13:42:47,166: INFO: ****************** Login Successful ******************
2023-08-06 13:42:47,166: INFO: ******************* Add Customer test started ***********************
2023-08-06 13:43:42,148: INFO: ******************* Test_003_AddCustomer *******************
2023-08-06 13:43:51,617: INFO: ****************** Login Successful ******************
2023-08-06 13:43:51,617: INFO: ******************* Add Customer test started ***********************
2023-08-06 14:47:18,010: INFO: ******************* Test_003_AddCustomer *******************
2023-08-06 14:47:27,389: INFO: ****************** Login Successful ******************
2023-08-06 14:47:27,389: INFO: ******************* Add Customer test started ***********************
2023-08-06 14:50:35,761: INFO: ******************* Test_003_AddCustomer *******************
2023-08-06 14:50:44,011: INFO: ****************** Login Successful ******************
2023-08-06 14:50:44,011: INFO: ******************* Add Customer test started ***********************
2023-08-06 14:59:43,701: INFO: ******************* Test_003_AddCustomer *******************
2023-08-06 14:59:52,991: INFO: ****************** Login Successful ******************
2023-08-06 14:59:52,991: INFO: ******************* Add Customer test started ***********************
2023-08-06 15:03:12,489: INFO: ******************* Test_003_AddCustomer *******************
2023-08-06 15:03:22,028: INFO: ****************** Login Successful ******************
2023-08-06 15:03:22,028: INFO: ******************* Add Customer test started ***********************
2023-08-06 15:06:23,898: INFO: ******************* Test_003_AddCustomer *******************
2023-08-06 15:06:32,421: INFO: ****************** Login Successful ******************
2023-08-06 15:06:32,421: INFO: ******************* Add Customer test started ***********************
2023-08-06 15:09:18,890: INFO: ******************* Test_003_AddCustomer *******************
2023-08-06 15:09:28,200: INFO: ****************** Login Successful ******************
2023-08-06 15:09:28,200: INFO: ******************* Add Customer test started ***********************
2023-08-06 15:15:19,833: INFO: ******************* Test_003_AddCustomer *******************
2023-08-06 15:15:28,182: INFO: ****************** Login Successful ******************
2023-08-06 15:15:28,182: INFO: ******************* Add Customer test started ***********************
2023-08-06 15:15:35,488: INFO: ******************* Saving Customer info ***********************
2023-08-06 15:15:35,488: INFO: ******************* Add Customer validation started ***********************
2023-08-06 15:17:33,732: INFO: ******************* Test_003_AddCustomer *******************
2023-08-06 15:17:42,140: INFO: ****************** Login Successful ******************
2023-08-06 15:17:42,140: INFO: ******************* Add Customer test started ***********************
2023-08-06 15:17:49,596: INFO: ******************* Saving Customer info ***********************
2023-08-06 15:17:49,596: INFO: ******************* Add Customer validation started ***********************
2023-08-06 15:20:03,839: INFO: ******************* Test_003_AddCustomer *******************
2023-08-06 15:20:12,607: INFO: ****************** Login Successful ******************
2023-08-06 15:20:12,607: INFO: ******************* Add Customer test started ***********************
2023-08-06 15:20:20,125: INFO: ******************* Saving Customer info ***********************
2023-08-06 15:20:20,125: INFO: ******************* Add Customer validation started ***********************
2023-08-06 15:22:31,834: INFO: ******************* Test_003_AddCustomer *******************
2023-08-06 15:22:40,067: INFO: ****************** Login Successful ******************
2023-08-06 15:22:40,067: INFO: ******************* Add Customer test started ***********************
2023-08-06 15:22:47,386: INFO: ******************* Saving Customer info ***********************
2023-08-06 15:22:47,386: INFO: ******************* Add Customer validation started ***********************
2023-08-06 15:25:24,995: INFO: ******************* Test_003_AddCustomer *******************
2023-08-06 15:25:33,454: INFO: ****************** Login Successful ******************
2023-08-06 15:25:33,454: INFO: ******************* Add Customer test started ***********************
2023-08-06 15:25:40,901: INFO: ******************* Saving Customer info ***********************
2023-08-06 15:25:40,908: INFO: ******************* Add Customer validation started ***********************
2023-08-06 15:31:16,189: INFO: ******************* Test_003_AddCustomer *******************
2023-08-06 15:31:24,896: INFO: ****************** Login Successful ******************
2023-08-06 15:31:24,904: INFO: ******************* Add Customer test started ***********************
2023-08-06 15:31:32,715: INFO: ******************* Saving Customer info ***********************
2023-08-06 15:31:32,715: INFO: ******************* Add Customer validation started ***********************
2023-08-06 15:36:54,004: INFO: ******************* Test_003_AddCustomer *******************
2023-08-06 15:37:02,395: INFO: ****************** Login Successful ******************
2023-08-06 15:37:02,398: INFO: ******************* Add Customer test started ***********************
2023-08-06 15:37:10,097: INFO: ******************* Saving Customer info ***********************
2023-08-06 15:37:10,097: INFO: ******************* Add Customer validation started ***********************
2023-08-06 15:40:54,872: INFO: ******************* Test_003_AddCustomer *******************
2023-08-06 15:41:06,369: INFO: ****************** Login Successful ******************
2023-08-06 15:41:06,369: INFO: ******************* Add Customer test started ***********************
2023-08-06 15:41:14,148: INFO: ******************* Saving Customer info ***********************
2023-08-06 15:41:14,148: INFO: ******************* Add Customer validation started ***********************
2023-08-06 15:41:49,161: INFO: ******************* Test_003_AddCustomer *******************
2023-08-06 15:41:58,764: INFO: ****************** Login Successful ******************
2023-08-06 15:41:58,764: INFO: ******************* Add Customer test started ***********************
2023-08-06 15:42:06,383: INFO: ******************* Saving Customer info ***********************
2023-08-06 15:42:06,383: INFO: ******************* Add Customer validation started ***********************
2023-08-06 15:43:39,001: INFO: ******************* Test_003_AddCustomer *******************
2023-08-06 15:43:49,134: INFO: ****************** Login Successful ******************
2023-08-06 15:43:49,134: INFO: ******************* Add Customer test started ***********************
2023-08-06 15:43:56,643: INFO: ******************* Saving Customer info ***********************
2023-08-06 15:43:56,643: INFO: ******************* Add Customer validation started ***********************
2023-08-06 16:39:04,813: INFO: ******************* Test_003_AddCustomer *******************
2023-08-06 16:43:50,216: INFO: ******************* Test_003_AddCustomer *******************
2023-08-06 16:44:00,436: INFO: ****************** Login Successful ******************
2023-08-06 16:44:00,436: INFO: ******************* Add Customer test started ***********************
2023-08-06 16:44:05,299: INFO: ******************* Saving Customer info ***********************
2023-08-06 16:44:05,299: INFO: ******************* Add Customer validation started ***********************
2023-08-06 16:44:35,486: INFO: ******************* Test_003_AddCustomer *******************
2023-08-06 16:44:44,404: INFO: ****************** Login Successful ******************
2023-08-06 16:44:44,404: INFO: ******************* Add Customer test started ***********************
2023-08-06 16:44:48,794: INFO: ******************* Saving Customer info ***********************
2023-08-06 16:44:48,794: INFO: ******************* Add Customer validation started ***********************
2023-08-06 16:45:53,383: INFO: ******************* Test_003_AddCustomer *******************
2023-08-06 16:45:59,478: INFO: ****************** Login Successful ******************
2023-08-06 16:45:59,478: INFO: ******************* Add Customer test started ***********************
2023-08-06 16:46:03,868: INFO: ******************* Saving Customer info ***********************
2023-08-06 16:46:03,868: INFO: ******************* Add Customer validation started ***********************
2023-08-06 16:50:20,116: INFO: ******************* Test_003_AddCustomer *******************
2023-08-06 16:50:28,063: INFO: ****************** Login Successful ******************
2023-08-06 16:50:28,063: INFO: ******************* Add Customer test started ***********************
2023-08-06 16:50:32,715: INFO: ******************* Saving Customer info ***********************
2023-08-06 16:50:32,715: INFO: ******************* Add Customer validation started ***********************
2023-08-06 16:51:11,000: INFO: ******************* Test_003_AddCustomer *******************
2023-08-06 16:51:18,607: INFO: ****************** Login Successful ******************
2023-08-06 16:51:18,608: INFO: ******************* Add Customer test started ***********************
2023-08-06 16:51:23,208: INFO: ******************* Saving Customer info ***********************
2023-08-06 16:51:23,209: INFO: ******************* Add Customer validation started ***********************
2023-08-06 16:59:06,501: INFO: ******************* Test_003_AddCustomer *******************
2023-08-06 16:59:17,513: INFO: ****************** Login Successful ******************
2023-08-06 16:59:17,522: INFO: ******************* Add Customer test started ***********************
2023-08-06 16:59:25,002: INFO: ******************* Saving Customer info ***********************
2023-08-06 16:59:25,002: INFO: ******************* Add Customer validation started ***********************
2023-08-06 17:03:15,850: INFO: ******************* Test_003_AddCustomer *******************
2023-08-06 17:03:23,586: INFO: ****************** Login Successful ******************
2023-08-06 17:03:23,586: INFO: ******************* Add Customer test started ***********************
2023-08-06 17:03:31,749: INFO: ******************* Saving Customer info ***********************
2023-08-06 17:03:31,749: INFO: ******************* Add Customer validation started ***********************
2023-08-06 17:03:32,062: INFO: ******************* Add customer test Passed ***********************
2023-08-06 17:03:32,290: INFO: ******************* Ending Test_003_AddCustomer ***********************
2023-08-06 17:03:58,454: INFO: ******************* Test_003_AddCustomer *******************
2023-08-06 17:04:06,531: INFO: ****************** Login Successful ******************
2023-08-06 17:04:06,531: INFO: ******************* Add Customer test started ***********************
2023-08-06 17:04:14,387: INFO: ******************* Saving Customer info ***********************
2023-08-06 17:04:14,387: INFO: ******************* Add Customer validation started ***********************
2023-08-06 17:04:14,662: INFO: ******************* Add customer test Passed ***********************
2023-08-06 17:04:14,842: INFO: ******************* Ending Test_003_AddCustomer ***********************
2023-08-06 17:05:01,777: INFO: ******************* Test_003_AddCustomer *******************
2023-08-06 17:05:09,501: INFO: ****************** Login Successful ******************
2023-08-06 17:05:09,501: INFO: ******************* Add Customer test started ***********************
2023-08-06 17:05:17,093: INFO: ******************* Saving Customer info ***********************
2023-08-06 17:05:17,094: INFO: ******************* Add Customer validation started ***********************
2023-08-06 17:05:17,395: INFO: ******************* Add customer test Passed ***********************
2023-08-06 17:05:19,759: INFO: ******************* Ending Test_003_AddCustomer ***********************
2023-08-06 17:09:01,495: INFO: ******************* Test_003_AddCustomer *******************
2023-08-06 17:09:21,195: INFO: ****************** Login Successful ******************
2023-08-06 17:09:21,196: INFO: ******************* Add Customer test started ***********************
2023-08-06 17:09:29,014: INFO: ******************* Saving Customer info ***********************
2023-08-06 17:09:29,014: INFO: ******************* Add Customer validation started ***********************
2023-08-06 17:09:29,303: INFO: ******************* Add customer test Passed ***********************
2023-08-06 17:09:31,549: INFO: ******************* Ending Test_003_AddCustomer ***********************
2023-08-06 17:11:32,228: INFO: ******************* Test_003_AddCustomer *******************
2023-08-06 17:12:01,861: INFO: ****************** Login Successful ******************
2023-08-06 17:12:01,862: INFO: ******************* Add Customer test started ***********************
2023-08-06 17:12:09,384: INFO: ******************* Saving Customer info ***********************
2023-08-06 17:12:09,384: INFO: ******************* Add Customer validation started ***********************
2023-08-06 17:12:09,668: INFO: ******************* Add customer test Passed ***********************
2023-08-06 17:12:11,604: INFO: ******************* Ending Test_003_AddCustomer ***********************
2023-08-07 13:40:02,361: INFO: ******************* Test_001_Login *******************
2023-08-07 13:40:02,361: INFO: ******************* Test_001_Login *******************
2023-08-07 13:40:02,361: INFO: ******************* Test_001_Login *******************
2023-08-07 13:40:02,362: INFO: ******************* Home page verification started ***********************
2023-08-07 13:40:02,362: INFO: ******************* Home page verification started ***********************
2023-08-07 13:40:02,362: INFO: ******************* Home page verification started ***********************
2023-08-07 13:40:12,440: INFO: ************ Home page title test case passed ************
2023-08-07 13:40:12,440: INFO: ************ Home page title test case passed ************
2023-08-07 13:40:12,440: INFO: ************ Home page title test case passed ************
2023-08-07 13:40:15,121: INFO: ******************* Login verification started ***********************
2023-08-07 13:40:15,121: INFO: ******************* Login verification started ***********************
2023-08-07 13:40:15,121: INFO: ******************* Login verification started ***********************
2023-08-07 13:40:30,668: INFO: ************ Login test case passed ************
2023-08-07 13:40:30,668: INFO: ************ Login test case passed ************
2023-08-07 13:40:30,668: INFO: ************ Login test case passed ************
2023-08-07 13:40:33,190: INFO: ******************* Logout verification started ***********************
2023-08-07 13:40:33,190: INFO: ******************* Logout verification started ***********************
2023-08-07 13:40:33,190: INFO: ******************* Logout verification started ***********************
2023-08-07 13:41:07,151: INFO: ************ Logout test case passed ************
2023-08-07 13:41:07,151: INFO: ************ Logout test case passed ************
2023-08-07 13:41:07,151: INFO: ************ Logout test case passed ************
2023-08-07 13:41:09,773: INFO: ****** Test_001_Login_ddt ******
2023-08-07 13:41:09,773: INFO: ****** Test_001_Login_ddt ******
2023-08-07 13:41:09,773: INFO: ****** Test_001_Login_ddt ******
2023-08-07 13:41:09,773: INFO: ******************* Login verification started ***********************
2023-08-07 13:41:09,773: INFO: ******************* Login verification started ***********************
2023-08-07 13:41:09,773: INFO: ******************* Login verification started ***********************
2023-08-07 13:41:46,365: INFO: ********** Passed **********
2023-08-07 13:41:46,365: INFO: ********** Passed **********
2023-08-07 13:41:46,365: INFO: ********** Passed **********
2023-08-07 13:41:54,351: INFO: ********** Passed **********
2023-08-07 13:41:54,351: INFO: ********** Passed **********
2023-08-07 13:41:54,351: INFO: ********** Passed **********
2023-08-07 13:41:57,388: INFO: ******************* Test_003_AddCustomer *******************
2023-08-07 13:41:57,388: INFO: ******************* Test_003_AddCustomer *******************
2023-08-07 13:41:57,388: INFO: ******************* Test_003_AddCustomer *******************
2023-08-07 13:42:11,959: INFO: ****************** Login Successful ******************
2023-08-07 13:42:11,959: INFO: ****************** Login Successful ******************
2023-08-07 13:42:11,959: INFO: ****************** Login Successful ******************
2023-08-07 13:42:11,959: INFO: ******************* Add Customer test started ***********************
2023-08-07 13:42:11,959: INFO: ******************* Add Customer test started ***********************
2023-08-07 13:42:11,959: INFO: ******************* Add Customer test started ***********************
2023-08-07 13:42:19,514: INFO: ******************* Saving Customer info ***********************
2023-08-07 13:42:19,514: INFO: ******************* Saving Customer info ***********************
2023-08-07 13:42:19,514: INFO: ******************* Saving Customer info ***********************
2023-08-07 13:42:19,519: INFO: ******************* Add Customer validation started ***********************
2023-08-07 13:42:19,519: INFO: ******************* Add Customer validation started ***********************
2023-08-07 13:42:19,519: INFO: ******************* Add Customer validation started ***********************
2023-08-07 13:42:19,836: INFO: ******************* Add customer test Passed ***********************
2023-08-07 13:42:19,836: INFO: ******************* Add customer test Passed ***********************
2023-08-07 13:42:19,836: INFO: ******************* Add customer test Passed ***********************
2023-08-07 13:42:21,557: INFO: ******************* Ending Test_003_AddCustomer ***********************
2023-08-07 13:42:21,557: INFO: ******************* Ending Test_003_AddCustomer ***********************
2023-08-07 13:42:21,557: INFO: ******************* Ending Test_003_AddCustomer ***********************
2023-08-07 16:26:36,643: INFO: ******************* Test_003_AddCustomer *******************
2023-08-07 16:26:48,187: INFO: ****************** Login Successful ******************
2023-08-07 16:26:48,187: INFO: ******************* Add Customer test started ***********************
2023-08-07 16:26:55,610: INFO: ******************* Saving Customer info ***********************
2023-08-07 16:26:55,610: INFO: ******************* Add Customer validation started ***********************
2023-08-07 16:26:55,977: INFO: ******************* Add customer test Passed ***********************
2023-08-07 16:26:57,917: INFO: ******************* Ending Test_003_AddCustomer ***********************
2023-08-11 15:41:53,638: INFO: ******************* Test_003_AddCustomer *******************
2023-08-11 15:42:20,077: INFO: ****************** Login Successful ******************
2023-08-11 15:42:20,077: INFO: ******************* Add Customer test started ***********************
2023-08-11 15:42:27,585: INFO: ******************* Saving Customer info ***********************
2023-08-11 15:42:27,585: INFO: ******************* Add Customer validation started ***********************
2023-08-11 15:42:27,944: INFO: ******************* Add customer test Passed ***********************
2023-08-11 15:42:29,801: INFO: ******************* Ending Test_003_AddCustomer ***********************
2023-08-11 19:05:51,221: INFO: ******************* Test_003_AddCustomer *******************
2023-08-11 19:06:14,316: INFO: ****************** Login Successful ******************
2023-08-11 19:06:14,316: INFO: ******************* Add Customer test started ***********************
2023-08-11 19:25:12,885: INFO: ******************* Test_003_AddCustomer *******************
2023-08-11 19:25:35,933: INFO: ****************** Login Successful ******************
2023-08-11 19:25:35,933: INFO: ******************* Add Customer test started ***********************
2023-08-13 10:47:26,519: INFO: ******************* Test_004_SearchCustomer By Email *******************
2023-08-13 10:47:38,517: INFO: ****************** Lopygin Successful ******************
2023-08-13 10:47:38,517: INFO: ******************* Search Customer by email test started ***********************
2023-08-13 15:01:55,753: INFO: ******************* Test_004_SearchCustomer By Email *******************
2023-08-13 15:02:18,645: INFO: ****************** Lopygin Successful ******************
2023-08-13 15:02:18,652: INFO: ******************* Search Customer by email test started ***********************
2023-08-13 15:06:35,735: INFO: ******************* Test_004_SearchCustomer By Email *******************
2023-08-13 15:06:50,267: INFO: ****************** Lopygin Successful ******************
2023-08-13 15:06:50,267: INFO: ******************* Search Customer by email test started ***********************
2023-08-13 15:11:49,327: INFO: ******************* Test_004_SearchCustomer By Email *******************
2023-08-13 15:12:01,635: INFO: ****************** Lopygin Successful ******************
2023-08-13 15:12:01,648: INFO: ******************* Search Customer by email test started ***********************
2023-08-13 15:13:48,126: INFO: ******************* Test_004_SearchCustomer By Email *******************
2023-08-13 15:14:01,834: INFO: ****************** Lopygin Successful ******************
2023-08-13 15:14:01,834: INFO: ******************* Search Customer by email test started ***********************
2023-08-13 15:15:30,015: INFO: ******************* Test_004_SearchCustomer By Email *******************
2023-08-13 15:16:03,839: INFO: ****************** Lopygin Successful ******************
2023-08-13 15:16:03,839: INFO: ******************* Search Customer by email test started ***********************
2023-08-13 15:19:03,922: INFO: ******************* Test_004_SearchCustomer By Email *******************
2023-08-13 15:19:18,906: INFO: ****************** Lopygin Successful ******************
2023-08-13 15:19:18,906: INFO: ******************* Search Customer by email test started ***********************
2023-08-13 15:22:54,808: INFO: ******************* Test_004_SearchCustomer By Email *******************
2023-08-13 15:23:25,781: INFO: ****************** Lopygin Successful ******************
2023-08-13 15:23:25,788: INFO: ******************* Search Customer by email test started ***********************
2023-08-13 15:41:16,366: INFO: ******************* Test_004_SearchCustomer By Email *******************
2023-08-13 15:41:45,958: INFO: ****************** Lopygin Successful ******************
2023-08-13 15:41:45,958: INFO: ******************* Search Customer by email test started ***********************
2023-08-13 15:42:43,747: INFO: ******************* Test_004_SearchCustomer By Email *******************
2023-08-13 15:42:57,089: INFO: ****************** Lopygin Successful ******************
2023-08-13 15:42:57,089: INFO: ******************* Search Customer by email test started ***********************
2023-08-13 15:45:04,303: INFO: ******************* Test_004_SearchCustomer By Email *******************
2023-08-13 15:45:30,599: INFO: ****************** Lopygin Successful ******************
2023-08-13 15:45:30,599: INFO: ******************* Search Customer by email test started ***********************
2023-08-13 15:53:26,941: INFO: ******************* Test_004_SearchCustomer By Email *******************
2023-08-13 15:53:39,906: INFO: ****************** Lopygin Successful ******************
2023-08-13 15:53:39,906: INFO: ******************* Search Customer by email test started ***********************
2023-08-13 15:56:35,810: INFO: ******************* Test_004_SearchCustomer By Email *******************
2023-08-13 15:57:11,456: INFO: ****************** Lopygin Successful ******************
2023-08-13 15:57:11,456: INFO: ******************* Search Customer by email test started ***********************
2023-08-13 15:59:35,572: INFO: ******************* Test_004_SearchCustomer By Email *******************
2023-08-13 15:59:50,617: INFO: ****************** Lopygin Successful ******************
2023-08-13 15:59:50,617: INFO: ******************* Search Customer by email test started ***********************
2023-08-13 16:05:47,222: INFO: ******************* Test_004_SearchCustomer By Email *******************
2023-08-13 16:06:15,429: INFO: ****************** Lopygin Successful ******************
2023-08-13 16:06:15,429: INFO: ******************* Search Customer by email test started ***********************
2023-08-13 16:09:38,541: INFO: ******************* Test_004_SearchCustomer By Email *******************
2023-08-13 16:09:53,677: INFO: ****************** Lopygin Successful ******************
2023-08-13 16:09:53,677: INFO: ******************* Search Customer by email test started ***********************
2023-08-13 16:17:40,262: INFO: ******************* Test_004_SearchCustomer By Email *******************
2023-08-13 16:17:55,204: INFO: ****************** Lopygin Successful ******************
2023-08-13 16:17:55,204: INFO: ******************* Search Customer by email test started ***********************
2023-08-13 16:25:55,416: INFO: ******************* Test_004_SearchCustomer By Email *******************
2023-08-13 16:26:07,606: INFO: ****************** Lopygin Successful ******************
2023-08-13 16:26:07,606: INFO: ******************* Search Customer by email test started ***********************
2023-08-13 16:28:05,941: INFO: ******************* Test_004_SearchCustomer By Email *******************
2023-08-13 16:28:32,250: INFO: ****************** Lopygin Successful ******************
2023-08-13 16:28:32,250: INFO: ******************* Search Customer by email test started ***********************
2023-08-14 14:27:51,202: INFO: ******************* Test_004_SearchCustomer By Email *******************
2023-08-14 14:28:08,571: INFO: ****************** Lopygin Successful ******************
2023-08-14 14:28:08,571: INFO: ******************* Search Customer by email test started ***********************
2023-08-14 14:36:25,679: INFO: ******************* Test_004_SearchCustomer By Email *******************
2023-08-14 14:36:51,042: INFO: ****************** Lopygin Successful ******************
2023-08-14 14:36:51,042: INFO: ******************* Search Customer by email test started ***********************
2023-08-14 14:38:41,301: INFO: ******************* Test_004_SearchCustomer By Email *******************
2023-08-14 14:38:57,699: INFO: ****************** Lopygin Successful ******************
2023-08-14 14:38:57,699: INFO: ******************* Search Customer by email test started ***********************
2023-08-14 14:41:15,050: INFO: ******************* Test_004_SearchCustomer By Email *******************
2023-08-14 14:41:48,586: INFO: ****************** Lopygin Successful ******************
2023-08-14 14:41:48,586: INFO: ******************* Search Customer by email test started ***********************
2023-08-14 14:48:14,916: INFO: ******************* Test_004_SearchCustomer By Email *******************
2023-08-14 14:48:47,255: INFO: ****************** Lopygin Successful ******************
2023-08-14 14:48:47,255: INFO: ******************* Search Customer by email test started ***********************
2023-08-14 14:50:12,711: INFO: ******************* Test_004_SearchCustomer By Email *******************
2023-08-14 14:50:26,704: INFO: ****************** Lopygin Successful ******************
2023-08-14 14:50:26,704: INFO: ******************* Search Customer by email test started ***********************
2023-08-14 14:54:24,014: INFO: ******************* Test_004_SearchCustomer By Email *******************
2023-08-14 14:54:37,906: INFO: ****************** Lopygin Successful ******************
2023-08-14 14:54:37,906: INFO: ******************* Search Customer by email test started ***********************
2023-08-14 14:55:54,607: INFO: ******************* Test_004_SearchCustomer By Email *******************
2023-08-14 14:56:24,022: INFO: ****************** Lopygin Successful ******************
2023-08-14 14:56:24,022: INFO: ******************* Search Customer by email test started ***********************
2023-08-14 14:57:11,746: INFO: ******************* Test_004_SearchCustomer By Email *******************
2023-08-14 14:57:38,036: INFO: ****************** Lopygin Successful ******************
2023-08-14 14:57:38,036: INFO: ******************* Search Customer by email test started ***********************
2023-08-14 15:01:45,506: INFO: ******************* Test_004_SearchCustomer By Email *******************
2023-08-14 15:01:58,987: INFO: ****************** Lopygin Successful ******************
2023-08-14 15:01:58,987: INFO: ******************* Search Customer by email test started ***********************
2023-08-14 15:02:06,362: INFO: ******************* Search Customer by email test finished ***********************
2023-08-14 15:03:23,598: INFO: ******************* Test_004_SearchCustomer By Email *******************
2023-08-14 15:03:56,411: INFO: ****************** Lopygin Successful ******************
2023-08-14 15:03:56,411: INFO: ******************* Search Customer by email test started ***********************
2023-08-14 15:04:03,852: INFO: ******************* Search Customer by email test finished ***********************
2023-08-14 15:08:47,571: INFO: ******************* Test_004_1_SearchCustomer By Email *******************
2023-08-14 15:09:25,672: INFO: ****************** Login Successful ******************
2023-08-14 15:09:25,672: INFO: ******************* Search Customer by email test started ***********************
2023-08-14 15:09:33,479: INFO: ******************* Search Customer by email test finished ***********************
2023-08-14 15:09:37,857: INFO: ******************* Test_004_2_SearchCustomer By Name *******************
2023-08-14 15:09:51,325: INFO: ****************** Login Successful ******************
2023-08-14 15:09:51,325: INFO: ******************* Search Customer by Name test started ***********************
2023-08-14 15:09:58,614: INFO: ******************* Search Customer by name test finished ***********************
2023-08-16 14:04:46,154: INFO: ******************* Test_001_Login *******************
2023-08-16 14:04:46,154: INFO: ******************* Test_001_Login *******************
2023-08-16 14:04:46,154: INFO: ******************* Test_001_Login *******************
2023-08-16 14:04:46,154: INFO: ******************* Test_001_Login *******************
2023-08-16 14:04:46,154: INFO: ******************* Home page verification started ***********************
2023-08-16 14:04:46,154: INFO: ******************* Home page verification started ***********************
2023-08-16 14:04:46,154: INFO: ******************* Home page verification started ***********************
2023-08-16 14:04:46,154: INFO: ******************* Home page verification started ***********************
2023-08-16 14:05:08,431: INFO: ************ Home page title test case passed ************
2023-08-16 14:05:08,431: INFO: ************ Home page title test case passed ************
2023-08-16 14:05:08,431: INFO: ************ Home page title test case passed ************
2023-08-16 14:05:08,431: INFO: ************ Home page title test case passed ************
2023-08-16 14:05:11,894: INFO: ******************* Login verification started ***********************
2023-08-16 14:05:11,894: INFO: ******************* Login verification started ***********************
2023-08-16 14:05:11,894: INFO: ******************* Login verification started ***********************
2023-08-16 14:05:11,894: INFO: ******************* Login verification started ***********************
2023-08-16 14:05:35,196: INFO: ************ Login test case passed ************
2023-08-16 14:05:35,196: INFO: ************ Login test case passed ************
2023-08-16 14:05:35,196: INFO: ************ Login test case passed ************
2023-08-16 14:05:35,196: INFO: ************ Login test case passed ************
2023-08-16 14:05:38,523: INFO: ******************* Logout verification started ***********************
2023-08-16 14:05:38,523: INFO: ******************* Logout verification started ***********************
2023-08-16 14:05:38,523: INFO: ******************* Logout verification started ***********************
2023-08-16 14:05:38,523: INFO: ******************* Logout verification started ***********************
2023-08-16 14:06:04,740: INFO: ************ Logout test case passed ************
2023-08-16 14:06:04,740: INFO: ************ Logout test case passed ************
2023-08-16 14:06:04,740: INFO: ************ Logout test case passed ************
2023-08-16 14:06:04,740: INFO: ************ Logout test case passed ************
2023-08-16 14:34:28,510: INFO: ******************* Test_001_Login *******************
2023-08-16 14:34:28,510: INFO: ******************* Test_001_Login *******************
2023-08-16 14:34:28,510: INFO: ******************* Test_001_Login *******************
2023-08-16 14:34:28,510: INFO: ******************* Test_001_Login *******************
2023-08-16 14:34:28,510: INFO: ******************* Home page verification started ***********************
2023-08-16 14:34:28,510: INFO: ******************* Home page verification started ***********************
2023-08-16 14:34:28,510: INFO: ******************* Home page verification started ***********************
2023-08-16 14:34:28,510: INFO: ******************* Home page verification started ***********************
2023-08-16 14:34:42,847: INFO: ************ Home page title test case passed ************
2023-08-16 14:34:42,847: INFO: ************ Home page title test case passed ************
2023-08-16 14:34:42,847: INFO: ************ Home page title test case passed ************
2023-08-16 14:34:42,847: INFO: ************ Home page title test case passed ************
2023-08-16 14:34:46,173: INFO: ******************* Login verification started ***********************
2023-08-16 14:34:46,173: INFO: ******************* Login verification started ***********************
2023-08-16 14:34:46,173: INFO: ******************* Login verification started ***********************
2023-08-16 14:34:46,173: INFO: ******************* Login verification started ***********************
2023-08-16 14:35:01,379: INFO: ************ Login test case passed ************
2023-08-16 14:35:01,379: INFO: ************ Login test case passed ************
2023-08-16 14:35:01,379: INFO: ************ Login test case passed ************
2023-08-16 14:35:01,379: INFO: ************ Login test case passed ************
2023-08-16 14:35:04,454: INFO: ******************* Logout verification started ***********************
2023-08-16 14:35:04,454: INFO: ******************* Logout verification started ***********************
2023-08-16 14:35:04,454: INFO: ******************* Logout verification started ***********************
2023-08-16 14:35:04,454: INFO: ******************* Logout verification started ***********************
2023-08-16 14:35:25,690: INFO: ************ Logout test case passed ************
2023-08-16 14:35:25,690: INFO: ************ Logout test case passed ************
2023-08-16 14:35:25,690: INFO: ************ Logout test case passed ************
2023-08-16 14:35:25,690: INFO: ************ Logout test case passed ************
2023-08-16 14:51:42,644: INFO: ******************* Test_001_Login *******************
2023-08-16 14:51:42,644: INFO: ******************* Test_001_Login *******************
2023-08-16 14:51:42,644: INFO: ******************* Test_001_Login *******************
2023-08-16 14:51:42,644: INFO: ******************* Test_001_Login *******************
2023-08-16 14:51:42,647: INFO: ******************* Home page verification started ***********************
2023-08-16 14:51:42,647: INFO: ******************* Home page verification started ***********************
2023-08-16 14:51:42,647: INFO: ******************* Home page verification started ***********************
2023-08-16 14:51:42,647: INFO: ******************* Home page verification started ***********************
2023-08-16 14:51:52,101: INFO: ************ Home page title test case passed ************
2023-08-16 14:51:52,101: INFO: ************ Home page title test case passed ************
2023-08-16 14:51:52,101: INFO: ************ Home page title test case passed ************
2023-08-16 14:51:52,101: INFO: ************ Home page title test case passed ************
2023-08-16 14:51:55,136: INFO: ******************* Login verification started ***********************
2023-08-16 14:51:55,136: INFO: ******************* Login verification started ***********************
2023-08-16 14:51:55,136: INFO: ******************* Login verification started ***********************
2023-08-16 14:51:55,136: INFO: ******************* Login verification started ***********************
2023-08-16 14:52:27,917: INFO: ************ Login test case passed ************
2023-08-16 14:52:27,917: INFO: ************ Login test case passed ************
2023-08-16 14:52:27,917: INFO: ************ Login test case passed ************
2023-08-16 14:52:27,917: INFO: ************ Login test case passed ************
2023-08-16 14:52:31,031: INFO: ******************* Logout verification started ***********************
2023-08-16 14:52:31,031: INFO: ******************* Logout verification started ***********************
2023-08-16 14:52:31,031: INFO: ******************* Logout verification started ***********************
2023-08-16 14:52:31,031: INFO: ******************* Logout verification started ***********************
2023-08-16 14:52:46,049: INFO: ************ Logout test case passed ************
2023-08-16 14:52:46,049: INFO: ************ Logout test case passed ************
2023-08-16 14:52:46,049: INFO: ************ Logout test case passed ************
2023-08-16 14:52:46,049: INFO: ************ Logout test case passed ************
2023-08-16 14:53:05,016: INFO: ******************* Test_001_Login *******************
2023-08-16 14:53:05,016: INFO: ******************* Test_001_Login *******************
2023-08-16 14:53:05,016: INFO: ******************* Test_001_Login *******************
2023-08-16 14:53:05,016: INFO: ******************* Test_001_Login *******************
2023-08-16 14:53:05,016: INFO: ******************* Home page verification started ***********************
2023-08-16 14:53:05,016: INFO: ******************* Home page verification started ***********************
2023-08-16 14:53:05,016: INFO: ******************* Home page verification started ***********************
2023-08-16 14:53:05,016: INFO: ******************* Home page verification started ***********************
2023-08-16 14:53:10,869: INFO: ************ Home page title test case passed ************
2023-08-16 14:53:10,869: INFO: ************ Home page title test case passed ************
2023-08-16 14:53:10,869: INFO: ************ Home page title test case passed ************
2023-08-16 14:53:10,869: INFO: ************ Home page title test case passed ************
2023-08-16 14:53:18,609: INFO: ******************* Login verification started ***********************
2023-08-16 14:53:18,609: INFO: ******************* Login verification started ***********************
2023-08-16 14:53:18,609: INFO: ******************* Login verification started ***********************
2023-08-16 14:53:18,609: INFO: ******************* Login verification started ***********************
2023-08-16 14:53:27,442: INFO: ************ Login test case passed ************
2023-08-16 14:53:27,442: INFO: ************ Login test case passed ************
2023-08-16 14:53:27,442: INFO: ************ Login test case passed ************
2023-08-16 14:53:27,442: INFO: ************ Login test case passed ************
2023-08-16 14:53:35,567: INFO: ******************* Logout verification started ***********************
2023-08-16 14:53:35,567: INFO: ******************* Logout verification started ***********************
2023-08-16 14:53:35,567: INFO: ******************* Logout verification started ***********************
2023-08-16 14:53:35,567: INFO: ******************* Logout verification started ***********************
2023-08-29 12:36:04,877: INFO: ******************* Test_004_1_SearchCustomer By Email *******************
2023-08-29 12:36:29,322: INFO: ****************** Login Successful ******************
2023-08-29 12:36:29,322: INFO: ******************* Search Customer by email test started ***********************
2023-08-29 12:36:38,518: INFO: ******************* Search Customer by email test finished ***********************
2023-08-29 12:36:47,713: INFO: ******************* Test_004_2_SearchCustomer By Name *******************
2023-08-29 12:37:13,849: INFO: ****************** Login Successful ******************
2023-08-29 12:37:13,850: INFO: ******************* Search Customer by Name test started ***********************
2023-08-29 12:37:22,581: INFO: ******************* Search Customer by Name test finished ***********************
2023-09-10 19:23:46,280: INFO: ******************* Test_005_1_Verify Power By Footer *******************
2023-09-10 19:23:53,602: INFO: ****************** Login Successful ******************
2023-09-10 19:23:53,603: INFO: ******************* Footer: Power by test started ***********************
2023-09-10 19:26:25,448: INFO: ******************* Test_005_1_Verify Power By Footer *******************
2023-09-10 19:26:32,369: INFO: ****************** Login Successful ******************
2023-09-10 19:26:32,369: INFO: ******************* Footer: Power by test started ***********************
2023-09-10 19:32:44,279: INFO: ******************* Test_005_1_Verify Power By Footer *******************
2023-09-10 19:32:53,311: INFO: ****************** Login Successful ******************
2023-09-10 19:32:53,311: INFO: ******************* Footer: Power by test started ***********************
2023-09-10 19:33:01,763: INFO: ******************* Test_005_2_Verify Version Footer *******************
2023-09-10 19:33:06,937: INFO: ****************** Login Successful ******************
2023-09-10 19:33:06,937: INFO: ******************* Footer: Version test started ***********************
2023-09-10 19:38:12,489: INFO: ******************* Test_005_1_Verify Power By Footer *******************
2023-09-10 19:38:20,434: INFO: ****************** Login Successful ******************
2023-09-10 19:38:20,434: INFO: ******************* Footer: Power by test started ***********************
2023-09-10 19:38:32,159: INFO: ******************* Test_005_2_Verify Version Footer *******************
2023-09-10 19:38:38,762: INFO: ****************** Login Successful ******************
2023-09-10 19:38:38,762: INFO: ******************* Footer: Version test started ***********************
